Performing C SOURCE FILE Test CMAKE_HAVE_LIBC_PTHREAD failed with the following output:
Change Dir: /home/seth/gzb_reader/plugin_ws/build/CMakeFiles/CMakeTmp

Run Build Command(s):/usr/bin/make cmTC_17880/fast && /usr/bin/make -f CMakeFiles/cmTC_17880.dir/build.make CMakeFiles/cmTC_17880.dir/build
make[1]: Entering directory '/home/seth/gzb_reader/plugin_ws/build/CMakeFiles/CMakeTmp'
Building C object CMakeFiles/cmTC_17880.dir/src.c.o
/usr/bin/cc   -DCMAKE_HAVE_LIBC_PTHREAD   -o CMakeFiles/cmTC_17880.dir/src.c.o   -c /home/seth/gzb_reader/plugin_ws/build/CMakeFiles/CMakeTmp/src.c
Linking C executable cmTC_17880
/usr/bin/cmake -E cmake_link_script CMakeFiles/cmTC_17880.dir/link.txt --verbose=1
/usr/bin/cc  -DCMAKE_HAVE_LIBC_PTHREAD    -rdynamic CMakeFiles/cmTC_17880.dir/src.c.o  -o cmTC_17880 
/usr/bin/ld: CMakeFiles/cmTC_17880.dir/src.c.o: in function `main':
src.c:(.text+0x46): undefined reference to `pthread_create'
/usr/bin/ld: src.c:(.text+0x52): undefined reference to `pthread_detach'
/usr/bin/ld: src.c:(.text+0x63): undefined reference to `pthread_join'
collect2: error: ld returned 1 exit status
make[1]: *** [CMakeFiles/cmTC_17880.dir/build.make:87: cmTC_17880] Error 1
make[1]: Leaving directory '/home/seth/gzb_reader/plugin_ws/build/CMakeFiles/CMakeTmp'
make: *** [Makefile:121: cmTC_17880/fast] Error 2


Source file was:
#include <pthread.h>

void* test_func(void* data)
{
  return data;
}

int main(void)
{
  pthread_t thread;
  pthread_create(&thread, NULL, test_func, NULL);
  pthread_detach(thread);
  pthread_join(thread, NULL);
  pthread_atfork(NULL, NULL, NULL);
  pthread_exit(NULL);

  return 0;
}

Determining if the function pthread_create exists in the pthreads failed with the following output:
Change Dir: /home/seth/gzb_reader/plugin_ws/build/CMakeFiles/CMakeTmp

Run Build Command(s):/usr/bin/make cmTC_68812/fast && /usr/bin/make -f CMakeFiles/cmTC_68812.dir/build.make CMakeFiles/cmTC_68812.dir/build
make[1]: Entering directory '/home/seth/gzb_reader/plugin_ws/build/CMakeFiles/CMakeTmp'
Building C object CMakeFiles/cmTC_68812.dir/CheckFunctionExists.c.o
/usr/bin/cc   -DCHECK_FUNCTION_EXISTS=pthread_create   -o CMakeFiles/cmTC_68812.dir/CheckFunctionExists.c.o   -c /usr/share/cmake-3.16/Modules/CheckFunctionExists.c
Linking C executable cmTC_68812
/usr/bin/cmake -E cmake_link_script CMakeFiles/cmTC_68812.dir/link.txt --verbose=1
/usr/bin/cc  -DCHECK_FUNCTION_EXISTS=pthread_create    -rdynamic CMakeFiles/cmTC_68812.dir/CheckFunctionExists.c.o  -o cmTC_68812  -lpthreads 
/usr/bin/ld: cannot find -lpthreads
collect2: error: ld returned 1 exit status
make[1]: *** [CMakeFiles/cmTC_68812.dir/build.make:87: cmTC_68812] Error 1
make[1]: Leaving directory '/home/seth/gzb_reader/plugin_ws/build/CMakeFiles/CMakeTmp'
make: *** [Makefile:121: cmTC_68812/fast] Error 2



Performing C SOURCE FILE Test CMAKE_HAVE_LIBC_PTHREAD failed with the following output:
Change Dir: /home/seth/gzb_reader/plugin_ws/build/CMakeFiles/CMakeTmp

Run Build Command(s):/usr/bin/make cmTC_fe35d/fast && /usr/bin/make -f CMakeFiles/cmTC_fe35d.dir/build.make CMakeFiles/cmTC_fe35d.dir/build
make[1]: Entering directory '/home/seth/gzb_reader/plugin_ws/build/CMakeFiles/CMakeTmp'
Building C object CMakeFiles/cmTC_fe35d.dir/src.c.o
/usr/bin/cc   -DCMAKE_HAVE_LIBC_PTHREAD   -o CMakeFiles/cmTC_fe35d.dir/src.c.o   -c /home/seth/gzb_reader/plugin_ws/build/CMakeFiles/CMakeTmp/src.c
Linking C executable cmTC_fe35d
/usr/bin/cmake -E cmake_link_script CMakeFiles/cmTC_fe35d.dir/link.txt --verbose=1
/usr/bin/cc  -DCMAKE_HAVE_LIBC_PTHREAD    -rdynamic CMakeFiles/cmTC_fe35d.dir/src.c.o  -o cmTC_fe35d 
/usr/bin/ld: CMakeFiles/cmTC_fe35d.dir/src.c.o: in function `main':
src.c:(.text+0x46): undefined reference to `pthread_create'
/usr/bin/ld: src.c:(.text+0x52): undefined reference to `pthread_detach'
/usr/bin/ld: src.c:(.text+0x63): undefined reference to `pthread_join'
collect2: error: ld returned 1 exit status
make[1]: *** [CMakeFiles/cmTC_fe35d.dir/build.make:87: cmTC_fe35d] Error 1
make[1]: Leaving directory '/home/seth/gzb_reader/plugin_ws/build/CMakeFiles/CMakeTmp'
make: *** [Makefile:121: cmTC_fe35d/fast] Error 2


Source file was:
#include <pthread.h>

void* test_func(void* data)
{
  return data;
}

int main(void)
{
  pthread_t thread;
  pthread_create(&thread, NULL, test_func, NULL);
  pthread_detach(thread);
  pthread_join(thread, NULL);
  pthread_atfork(NULL, NULL, NULL);
  pthread_exit(NULL);

  return 0;
}

Determining if the function pthread_create exists in the pthreads failed with the following output:
Change Dir: /home/seth/gzb_reader/plugin_ws/build/CMakeFiles/CMakeTmp

Run Build Command(s):/usr/bin/make cmTC_29b97/fast && /usr/bin/make -f CMakeFiles/cmTC_29b97.dir/build.make CMakeFiles/cmTC_29b97.dir/build
make[1]: Entering directory '/home/seth/gzb_reader/plugin_ws/build/CMakeFiles/CMakeTmp'
Building C object CMakeFiles/cmTC_29b97.dir/CheckFunctionExists.c.o
/usr/bin/cc   -DCHECK_FUNCTION_EXISTS=pthread_create   -o CMakeFiles/cmTC_29b97.dir/CheckFunctionExists.c.o   -c /usr/share/cmake-3.16/Modules/CheckFunctionExists.c
Linking C executable cmTC_29b97
/usr/bin/cmake -E cmake_link_script CMakeFiles/cmTC_29b97.dir/link.txt --verbose=1
/usr/bin/cc  -DCHECK_FUNCTION_EXISTS=pthread_create    -rdynamic CMakeFiles/cmTC_29b97.dir/CheckFunctionExists.c.o  -o cmTC_29b97  -lpthreads 
/usr/bin/ld: cannot find -lpthreads
collect2: error: ld returned 1 exit status
make[1]: *** [CMakeFiles/cmTC_29b97.dir/build.make:87: cmTC_29b97] Error 1
make[1]: Leaving directory '/home/seth/gzb_reader/plugin_ws/build/CMakeFiles/CMakeTmp'
make: *** [Makefile:121: cmTC_29b97/fast] Error 2



